# JRE version: OpenJDK Runtime Environment (8.0_252-b09) (build 1.8.0_252-b09)
# Java VM: OpenJDK 64-Bit Server VM (25.252-b09 mixed mode windows-amd64 compressed oops)
Heap:
 PSYoungGen      total 172032K, used 119573K [0x00000000d5c00000, 0x00000000e2380000, 0x0000000100000000)
  eden space 161280K, 67% used [0x00000000d5c00000,0x00000000dc66e3a8,0x00000000df980000)
  from space 10752K, 98% used [0x00000000e1900000,0x00000000e23570b8,0x00000000e2380000)
  to   space 13824K, 0% used [0x00000000e0880000,0x00000000e0880000,0x00000000e1600000)
 ParOldGen       total 90624K, used 23939K [0x0000000081400000, 0x0000000086c80000, 0x00000000d5c00000)
  object space 90624K, 26% used [0x0000000081400000,0x0000000082b60eb0,0x0000000086c80000)
 Metaspace       used 48600K, capacity 50786K, committed 51072K, reserved 1093632K
  class space    used 6514K, capacity 6954K, committed 7040K, reserved 1048576K
GC Heap History (10 events):
Event: 3.747 GC heap before
{Heap before GC invocations=6 (full 1):
 PSYoungGen      total 64512K, used 64479K [0x00000000d5c00000, 0x00000000da700000, 0x0000000100000000)
  eden space 59392K, 99% used [0x00000000d5c00000,0x00000000d95feae0,0x00000000d9600000)
  from space 5120K, 99% used [0x00000000da200000,0x00000000da6f94f0,0x00000000da700000)
  to   space 5120K, 0% used [0x00000000d9d00000,0x00000000d9d00000,0x00000000da200000)
 ParOldGen       total 59392K, used 13464K [0x0000000081400000, 0x0000000084e00000, 0x00000000d5c00000)
  object space 59392K, 22% used [0x0000000081400000,0x0000000082126130,0x0000000084e00000)
 Metaspace       used 24813K, capacity 25698K, committed 25728K, reserved 1071104K
  class space    used 3198K, capacity 3449K, committed 3456K, reserved 1048576K
Event: 3.753 GC heap after
Heap after GC invocations=6 (full 1):
 PSYoungGen      total 71680K, used 5100K [0x00000000d5c00000, 0x00000000dda80000, 0x0000000100000000)
  eden space 66560K, 0% used [0x00000000d5c00000,0x00000000d5c00000,0x00000000d9d00000)
  from space 5120K, 99% used [0x00000000d9d00000,0x00000000da1fb188,0x00000000da200000)
  to   space 12288K, 0% used [0x00000000dce80000,0x00000000dce80000,0x00000000dda80000)
 ParOldGen       total 59392K, used 18108K [0x0000000081400000, 0x0000000084e00000, 0x00000000d5c00000)
  object space 59392K, 30% used [0x0000000081400000,0x00000000825af368,0x0000000084e00000)
 Metaspace       used 24813K, capacity 25698K, committed 25728K, reserved 1071104K
  class space    used 3198K, capacity 3449K, committed 3456K, reserved 1048576K
}
Event: 4.131 GC heap before
{Heap before GC invocations=7 (full 1):
 PSYoungGen      total 71680K, used 71660K [0x00000000d5c00000, 0x00000000dda80000, 0x0000000100000000)
  eden space 66560K, 100% used [0x00000000d5c00000,0x00000000d9d00000,0x00000000d9d00000)
  from space 5120K, 99% used [0x00000000d9d00000,0x00000000da1fb188,0x00000000da200000)
  to   space 12288K, 0% used [0x00000000dce80000,0x00000000dce80000,0x00000000dda80000)
 ParOldGen       total 59392K, used 18108K [0x0000000081400000, 0x0000000084e00000, 0x00000000d5c00000)
  object space 59392K, 30% used [0x0000000081400000,0x00000000825af368,0x0000000084e00000)
 Metaspace       used 27442K, capacity 28548K, committed 28800K, reserved 1075200K
  class space    used 3597K, capacity 3854K, committed 3968K, reserved 1048576K
Event: 4.136 GC heap after
Heap after GC invocations=7 (full 1):
 PSYoungGen      total 117760K, used 7517K [0x00000000d5c00000, 0x00000000de480000, 0x0000000100000000)
  eden space 105472K, 0% used [0x00000000d5c00000,0x00000000d5c00000,0x00000000dc300000)
  from space 12288K, 61% used [0x00000000dce80000,0x00000000dd5d7570,0x00000000dda80000)
  to   space 11776K, 0% used [0x00000000dc300000,0x00000000dc300000,0x00000000dce80000)
 ParOldGen       total 59392K, used 18116K [0x0000000081400000, 0x0000000084e00000, 0x00000000d5c00000)
  object space 59392K, 30% used [0x0000000081400000,0x00000000825b1368,0x0000000084e00000)
 Metaspace       used 27442K, capacity 28548K, committed 28800K, reserved 1075200K
  class space    used 3597K, capacity 3854K, committed 3968K, reserved 1048576K
}
Event: 5.520 GC heap before
{Heap before GC invocations=8 (full 1):
 PSYoungGen      total 117760K, used 80111K [0x00000000d5c00000, 0x00000000de480000, 0x0000000100000000)
  eden space 105472K, 68% used [0x00000000d5c00000,0x00000000da2e4850,0x00000000dc300000)
  from space 12288K, 61% used [0x00000000dce80000,0x00000000dd5d7570,0x00000000dda80000)
  to   space 11776K, 0% used [0x00000000dc300000,0x00000000dc300000,0x00000000dce80000)
 ParOldGen       total 59392K, used 18116K [0x0000000081400000, 0x0000000084e00000, 0x00000000d5c00000)
  object space 59392K, 30% used [0x0000000081400000,0x00000000825b1368,0x0000000084e00000)
 Metaspace       used 33980K, capacity 35254K, committed 35416K, reserved 1079296K
  class space    used 4482K, capacity 4781K, committed 4864K, reserved 1048576K
Event: 5.531 GC heap after
Heap after GC invocations=8 (full 1):
 PSYoungGen      total 117248K, used 11771K [0x00000000d5c00000, 0x00000000e2600000, 0x0000000100000000)
  eden space 105472K, 0% used [0x00000000d5c00000,0x00000000d5c00000,0x00000000dc300000)
  from space 11776K, 99% used [0x00000000dc300000,0x00000000dce7ef48,0x00000000dce80000)
  to   space 13312K, 0% used [0x00000000e1900000,0x00000000e1900000,0x00000000e2600000)
 ParOldGen       total 59392K, used 18860K [0x0000000081400000, 0x0000000084e00000, 0x00000000d5c00000)
  object space 59392K, 31% used [0x0000000081400000,0x000000008266b1b8,0x0000000084e00000)
 Metaspace       used 33980K, capacity 35254K, committed 35416K, reserved 1079296K
  class space    used 4482K, capacity 4781K, committed 4864K, reserved 1048576K
}
Event: 5.531 GC heap before
{Heap before GC invocations=9 (full 2):
 PSYoungGen      total 117248K, used 11771K [0x00000000d5c00000, 0x00000000e2600000, 0x0000000100000000)
  eden space 105472K, 0% used [0x00000000d5c00000,0x00000000d5c00000,0x00000000dc300000)
  from space 11776K, 99% used [0x00000000dc300000,0x00000000dce7ef48,0x00000000dce80000)
  to   space 13312K, 0% used [0x00000000e1900000,0x00000000e1900000,0x00000000e2600000)
 ParOldGen       total 59392K, used 18860K [0x0000000081400000, 0x0000000084e00000, 0x00000000d5c00000)
  object space 59392K, 31% used [0x0000000081400000,0x000000008266b1b8,0x0000000084e00000)
 Metaspace       used 33980K, capacity 35254K, committed 35416K, reserved 1079296K
  class space    used 4482K, capacity 4781K, committed 4864K, reserved 1048576K
Event: 5.579 GC heap after
Heap after GC invocations=9 (full 2):
 PSYoungGen      total 117248K, used 0K [0x00000000d5c00000, 0x00000000e2600000, 0x0000000100000000)
  eden space 105472K, 0% used [0x00000000d5c00000,0x00000000d5c00000,0x00000000dc300000)
  from space 11776K, 0% used [0x00000000dc300000,0x00000000dc300000,0x00000000dce80000)
  to   space 13312K, 0% used [0x00000000e1900000,0x00000000e1900000,0x00000000e2600000)
 ParOldGen       total 90624K, used 23931K [0x0000000081400000, 0x0000000086c80000, 0x00000000d5c00000)
  object space 90624K, 26% used [0x0000000081400000,0x0000000082b5eeb0,0x0000000086c80000)
 Metaspace       used 33980K, capacity 35254K, committed 35416K, reserved 1079296K
  class space    used 4482K, capacity 4781K, committed 4864K, reserved 1048576K
}
Event: 6.353 GC heap before
{Heap before GC invocations=10 (full 2):
 PSYoungGen      total 117248K, used 105472K [0x00000000d5c00000, 0x00000000e2600000, 0x0000000100000000)
  eden space 105472K, 100% used [0x00000000d5c00000,0x00000000dc300000,0x00000000dc300000)
  from space 11776K, 0% used [0x00000000dc300000,0x00000000dc300000,0x00000000dce80000)
  to   space 13312K, 0% used [0x00000000e1900000,0x00000000e1900000,0x00000000e2600000)
 ParOldGen       total 90624K, used 23931K [0x0000000081400000, 0x0000000086c80000, 0x00000000d5c00000)
  object space 90624K, 26% used [0x0000000081400000,0x0000000082b5eeb0,0x0000000086c80000)
 Metaspace       used 42648K, capacity 44464K, committed 44672K, reserved 1087488K
  class space    used 5597K, capacity 5946K, committed 6016K, reserved 1048576K
Event: 6.363 GC heap after
Heap after GC invocations=10 (full 2):
 PSYoungGen      total 172032K, used 10588K [0x00000000d5c00000, 0x00000000e2380000, 0x0000000100000000)
  eden space 161280K, 0% used [0x00000000d5c00000,0x00000000d5c00000,0x00000000df980000)
  from space 10752K, 98% used [0x00000000e1900000,0x00000000e23570b8,0x00000000e2380000)
  to   space 13824K, 0% used [0x00000000e0880000,0x00000000e0880000,0x00000000e1600000)
 ParOldGen       total 90624K, used 23939K [0x0000000081400000, 0x0000000086c80000, 0x00000000d5c00000)
  object space 90624K, 26% used [0x0000000081400000,0x0000000082b60eb0,0x0000000086c80000)
 Metaspace       used 42648K, capacity 44464K, committed 44672K, reserved 1087488K
  class space    used 5597K, capacity 5946K, committed 6016K, reserved 1048576K
}

